<?xml version="1.0" encoding="UTF-8"?>
<!-- Generated by org.testng.reporters.JUnitXMLReporter -->
<testsuite hostname="DESKTOP-1MC899G" ignored="0" name="Default test" tests="4" failures="0" timestamp="09 Mar 2019 05:21:25 GMT" time="81.353" errors="0">
  <testcase name="loginDBTest" time="10.243" classname="com.training.sanity.tests.MultipleInvalidRegsitrations"/>
  <testcase name="loginDBTest" time="9.092" classname="com.training.sanity.tests.MultipleInvalidRegsitrations"/>
  <testcase name="loginDBTest" time="9.73" classname="com.training.sanity.tests.MultipleInvalidRegsitrations"/>
  <testcase name="loginDBTest" time="12.332" classname="com.training.sanity.tests.MultipleInvalidRegsitrations"/>
</testsuite> <!-- Default test -->
